{"target": 0.7876940542151684, "params": {"learning_rate": 0.09138562910257374, "max_bin": 213.95626320247877, "max_depth": 16.388746706192755, "min_child_weight": 41.66314075886564, "min_data_in_leaf": 54.79200045417029, "min_split_gain": 0.06789912220539994, "num_leaves": 56.43162958207656, "reg_alpha": 0.932392918588331, "reg_lambda": 0.9778012435351334, "subsample": 0.7650304453850436}}
{"target": 0.7886484305970665, "params": {"learning_rate": 0.05715084141400458, "max_bin": 72.74514674492127, "max_depth": 16.804595811071156, "min_child_weight": 55.462697433761825, "min_data_in_leaf": 60.4848622054932, "min_split_gain": 0.09310379562594918, "num_leaves": 96.92385260396496, "reg_alpha": 0.5730189815430475, "reg_lambda": 0.5866366407740554, "subsample": 0.7088956888561413}}
{"target": 0.7931267365648386, "params": {"learning_rate": 0.01846829743386448, "max_bin": 116.54868247698147, "max_depth": 15.172752842631759, "min_child_weight": 62.446438161027984, "min_data_in_leaf": 26.672510012439396, "min_split_gain": 0.07130309825678492, "num_leaves": 33.705053394175195, "reg_alpha": 0.543917825938281, "reg_lambda": 0.8294234368638116, "subsample": 0.9961118724346885}}
{"target": 0.7891159722950888, "params": {"learning_rate": 0.0836192561228834, "max_bin": 210.49776778978026, "max_depth": 10.853685333030988, "min_child_weight": 69.9018400496056, "min_data_in_leaf": 44.42731577779365, "min_split_gain": 0.09260941620196886, "num_leaves": 54.55086411844943, "reg_alpha": 0.5236579140554011, "reg_lambda": 0.2922019930188333, "subsample": 0.7317182321682503}}
{"target": 0.7933952317104458, "params": {"learning_rate": 0.023043339824901234, "max_bin": 199.11806433024913, "max_depth": 10.210096015024956, "min_child_weight": 49.45247211242131, "min_data_in_leaf": 61.69014344600048, "min_split_gain": 0.027635633365652647, "num_leaves": 24.050268842962076, "reg_alpha": 0.5398457465148843, "reg_lambda": 0.018724331349439294, "subsample": 0.9829092682943514}}
{"target": 0.7916449343062446, "params": {"learning_rate": 0.04356560269223214, "max_bin": 62.03179935404754, "max_depth": 18.150375769786198, "min_child_weight": 62.31584392681573, "min_data_in_leaf": 69.96332541184732, "min_split_gain": 0.0655929278865365, "num_leaves": 21.615115883309144, "reg_alpha": 0.9526981223856189, "reg_lambda": 0.41553641578055045, "subsample": 0.7351294522161174}}
{"target": 0.7922814928315447, "params": {"learning_rate": 0.02276418767038771, "max_bin": 56.102416726449576, "max_depth": 8.046774443706129, "min_child_weight": 22.467810285049875, "min_data_in_leaf": 21.52783640181139, "min_split_gain": 0.05337913014257398, "num_leaves": 23.64106026465809, "reg_alpha": 0.7500403983218686, "reg_lambda": 0.11547314343244419, "subsample": 0.8630397196402737}}
{"target": 0.7919038239981292, "params": {"learning_rate": 0.04282973009745933, "max_bin": 59.52559323298818, "max_depth": 8.060779372341738, "min_child_weight": 68.34683646859548, "min_data_in_leaf": 22.902754834054893, "min_split_gain": 0.020581140084505123, "num_leaves": 21.083950827875842, "reg_alpha": 0.25682766016487835, "reg_lambda": 0.6072121269197431, "subsample": 0.7599209878375224}}
{"target": 0.7877260992787225, "params": {"learning_rate": 0.09929633583432097, "max_bin": 56.460009540886055, "max_depth": 19.341673749515607, "min_child_weight": 21.239474613317675, "min_data_in_leaf": 69.33043228130617, "min_split_gain": 0.08861559330902574, "num_leaves": 21.490845175946568, "reg_alpha": 0.9417726521400305, "reg_lambda": 0.8641477126770168, "subsample": 0.7444702782784829}}
{"target": 0.7907144475860572, "params": {"learning_rate": 0.07655804393986279, "max_bin": 245.72911098925073, "max_depth": 10.094943344116913, "min_child_weight": 69.85168188521763, "min_data_in_leaf": 20.526271137193547, "min_split_gain": 0.03928518180516994, "num_leaves": 21.896848719701147, "reg_alpha": 0.5897139054387485, "reg_lambda": 0.7827470864163163, "subsample": 0.7652557483394773}}
